1, 3.141592653589793115997963, 0.000000000000357047724719, 0.054382909000000000110386
1, 3.141592653589793115997963, 0.000000000000357047724719, 0.054307059999999997279563
1, 3.141592653589793115997963, 0.000000000000357047724719, 0.054261806000000002703221
1, 3.141592653589793115997963, 0.000000000000357047724719, 0.054204215999999999509029
1, 3.141592653589793115997963, 0.000000000000357047724719, 0.054207850000000001866596
1, 3.141592653589793115997963, 0.000000000000357047724719, 0.054197939000000000531188
1, 3.141592653589793115997963, 0.000000000000357047724719, 0.054215134999999997633680
1, 3.141592653589793115997963, 0.000000000000357047724719, 0.054197852999999997225533
1, 3.141592653589793115997963, 0.000000000000357047724719, 0.054221503999999996759040
1, 3.141592653589793115997963, 0.000000000000357047724719, 0.054193814999999999348912
1, 3.141592653589793115997963, 0.000000000000357047724719, 0.054205552999999996599545
1, 3.141592653589793115997963, 0.000000000000357047724719, 0.054195561000000003204491
1, 3.141592653589793115997963, 0.000000000000357047724719, 0.054204932999999996812157
1, 3.141592653589793115997963, 0.000000000000357047724719, 0.054215267999999997017291
1, 3.141592653589793115997963, 0.000000000000357047724719, 0.054219372000000001787789
1, 3.141592653589793115997963, 0.000000000000357047724719, 0.054198458999999997443009
1, 3.141592653589793115997963, 0.000000000000357047724719, 0.054192412000000002303413
1, 3.141592653589793115997963, 0.000000000000357047724719, 0.054202411999999998426514
1, 3.141592653589793115997963, 0.000000000000357047724719, 0.054218698000000002668042
1, 3.141592653589793115997963, 0.000000000000357047724719, 0.054229961999999999611166
1, 3.141592653589793115997963, 0.000000000000357047724719, 0.054492803999999998854076
2, 3.141592653589793115997963, 0.000000000000053290705182, 0.035955621000000000109242
2, 3.141592653589793115997963, 0.000000000000053290705182, 0.044748425000000001394707
2, 3.141592653589793115997963, 0.000000000000053290705182, 0.033098450000000001480771
2, 3.141592653589793115997963, 0.000000000000053290705182, 0.033517143999999998715822
2, 3.141592653589793115997963, 0.000000000000053290705182, 0.032060449999999997283684
2, 3.141592653589793115997963, 0.000000000000053290705182, 0.032111063000000002187750
2, 3.141592653589793115997963, 0.000000000000053290705182, 0.027133124000000001518895
2, 3.141592653589793115997963, 0.000000000000053290705182, 0.039435254000000002916337
2, 3.141592653589793115997963, 0.000000000000053290705182, 0.040524382999999997156948
2, 3.141592653589793115997963, 0.000000000000053290705182, 0.068675052000000000318458
2, 3.141592653589793115997963, 0.000000000000053290705182, 0.050142375000000002915890
2, 3.141592653589793115997963, 0.000000000000053290705182, 0.039587019000000001067718
2, 3.141592653589793115997963, 0.000000000000053290705182, 0.027117332000000000935547
2, 3.141592653589793115997963, 0.000000000000053290705182, 0.039352542999999996775617
2, 3.141592653589793115997963, 0.000000000000053290705182, 0.041423564000000002993662
2, 3.141592653589793115997963, 0.000000000000053290705182, 0.039502978000000001090886
2, 3.141592653589793115997963, 0.000000000000053290705182, 0.027150919999999998527551
2, 3.141592653589793115997963, 0.000000000000053290705182, 0.039548615000000002239755
2, 3.141592653589793115997963, 0.000000000000053290705182, 0.039371493999999999935380
2, 3.141592653589793115997963, 0.000000000000053290705182, 0.040534046999999996663266
2, 3.141592653589793115997963, 0.000000000000053290705182, 0.039385120000000002626894
3, 3.141592653589793115997963, 0.000000199999968586439536, 0.022118024000000000017785
3, 3.141592653589793115997963, 0.000000199999968586439536, 0.028220881999999999217854
3, 3.141592653589793115997963, 0.000000199999968586439536, 0.045140390000000002457270
3, 3.141592653589793115997963, 0.000000199999968586439536, 0.026913949999999998985434
3, 3.141592653589793115997963, 0.000000199999968586439536, 0.028093617000000001282523
3, 3.141592653589793115997963, 0.000000199999968586439536, 0.044306053999999997494719
3, 3.141592653589793115997963, 0.000000199999968586439536, 0.036650567000000001949278
3, 3.141592653589793115997963, 0.000000199999968586439536, 0.026378709999999999658016
3, 3.141592653589793115997963, 0.000000199999968586439536, 0.029238750000000000850431
3, 3.141592653589793115997963, 0.000000199999968586439536, 0.041744868999999996950212
3, 3.141592653589793115997963, 0.000000199999968586439536, 0.044774556999999999551410
3, 3.141592653589793115997963, 0.000000199999968586439536, 0.027842307999999999640339
3, 3.141592653589793115997963, 0.000000199999968586439536, 0.029065765999999999824599
3, 3.141592653589793115997963, 0.000000199999968586439536, 0.045605523000000001976328
3, 3.141592653589793115997963, 0.000000199999968586439536, 0.038806436999999999182265
3, 3.141592653589793115997963, 0.000000199999968586439536, 0.026593483000000001092999
3, 3.141592653589793115997963, 0.000000199999968586439536, 0.028846839999999998593871
3, 3.141592653589793115997963, 0.000000199999968586439536, 0.039994057999999998997964
3, 3.141592653589793115997963, 0.000000199999968586439536, 0.043792969000000001034145
3, 3.141592653589793115997963, 0.000000199999968586439536, 0.026847394999999999593010
3, 3.141592653589793115997963, 0.000000199999968586439536, 0.028208236000000001114651
4, 3.141592653589793115997963, 0.000000000000008881784197, 0.034741605000000001790550
4, 3.141592653589793115997963, 0.000000000000008881784197, 0.035890441000000002091941
4, 3.141592653589793115997963, 0.000000000000008881784197, 0.021459747000000001238007
4, 3.141592653589793115997963, 0.000000000000008881784197, 0.036771113000000001103107
4, 3.141592653589793115997963, 0.000000000000008881784197, 0.030209671000000000440355
4, 3.141592653589793115997963, 0.000000000000008881784197, 0.035445450000000003343281
4, 3.141592653589793115997963, 0.000000000000008881784197, 0.034781566999999999345583
4, 3.141592653589793115997963, 0.000000000000008881784197, 0.020549927999999998556868
4, 3.141592653589793115997963, 0.000000000000008881784197, 0.022306936999999998905153
4, 3.141592653589793115997963, 0.000000000000008881784197, 0.035686732999999998261487
4, 3.141592653589793115997963, 0.000000000000008881784197, 0.029576933999999999169717
4, 3.141592653589793115997963, 0.000000000000008881784197, 0.034083641999999997329596
4, 3.141592653589793115997963, 0.000000000000008881784197, 0.028034575999999998552337
4, 3.141592653589793115997963, 0.000000000000008881784197, 0.036135453999999997409809
4, 3.141592653589793115997963, 0.000000000000008881784197, 0.029385745000000001309060
4, 3.141592653589793115997963, 0.000000000000008881784197, 0.034185616000000002001613
4, 3.141592653589793115997963, 0.000000000000008881784197, 0.032603303999999999618353
4, 3.141592653589793115997963, 0.000000000000008881784197, 0.031658999999999999641620
4, 3.141592653589793115997963, 0.000000000000008881784197, 0.032352977999999997515967
4, 3.141592653589793115997963, 0.000000000000008881784197, 0.032198597000000002410491
4, 3.141592653589793115997963, 0.000000000000008881784197, 0.033065977000000003338531
5, 3.141592653589793115997963, 0.000000000000007549516567, 0.024183032999999999612672
5, 3.141592653589793115997963, 0.000000000000007549516567, 0.027952134999999999481757
5, 3.141592653589793115997963, 0.000000000000007549516567, 0.022994296000000000873564
5, 3.141592653589793115997963, 0.000000000000007549516567, 0.028529927000000000064661
5, 3.141592653589793115997963, 0.000000000000007549516567, 0.024242268000000000843785
5, 3.141592653589793115997963, 0.000000000000006661338148, 0.027979461000000000608923
5, 3.141592653589793115997963, 0.000000000000006661338148, 0.024924304000000001291237
5, 3.141592653589793115997963, 0.000000000000007549516567, 0.027039471999999998425013
5, 3.141592653589793115997963, 0.000000000000007105427358, 0.033547399999999998054800
5, 3.141592653589793115997963, 0.000000000000007105427358, 0.042947064999999999546088
5, 3.141592653589793115997963, 0.000000000000007549516567, 0.018201948999999998518584
5, 3.141592653589793115997963, 0.000000000000007549516567, 0.027325689000000000228319
5, 3.141592653589793115997963, 0.000000000000007549516567, 0.027351091000000000985626
5, 3.141592653589793115997963, 0.000000000000006661338148, 0.027684042999999998457827
5, 3.141592653589793115997963, 0.000000000000006661338148, 0.026770612999999998660172
5, 3.141592653589793115997963, 0.000000000000006661338148, 0.026685835000000001498988
5, 3.141592653589793115997963, 0.000000000000007549516567, 0.027734858000000001121421
5, 3.141592653589793115997963, 0.000000000000007549516567, 0.027447631000000000112138
5, 3.141592653589793115997963, 0.000000000000007549516567, 0.038346475999999997397172
5, 3.141592653589793115997963, 0.000000000000006661338148, 0.027525073000000000594811
5, 3.141592653589793115997963, 0.000000000000006661338148, 0.027651966999999999519133
6, 3.141592653589793115997963, 0.000000800000127032518549, 0.023282561000000000228649
6, 3.141592653589793115997963, 0.000000800000126588429339, 0.022820335000000000619247
6, 3.141592653589793115997963, 0.000000800000127032518549, 0.031468969999999998887752
6, 3.141592653589793115997963, 0.000000800000126588429339, 0.015594867000000000104021
6, 3.141592653589793115997963, 0.000000800000126588429339, 0.023367881000000000069061
6, 3.141592653589793115997963, 0.000000800000126588429339, 0.023499690999999999635461
6, 3.141592653589793115997963, 0.000000800000126144340129, 0.022939272999999999608223
6, 3.141592653589793115997963, 0.000000800000126588429339, 0.015351409999999999361764
6, 3.141592653589793115997963, 0.000000800000126588429339, 0.021658390999999999060321
6, 3.141592653589793115997963, 0.000000800000126144340129, 0.058164104000000001193360
6, 3.141592653589793115997963, 0.000000800000126588429339, 0.023318859000000000808450
6, 3.141592653589793115997963, 0.000000800000126588429339, 0.022678911999999998988509
6, 3.141592653589793115997963, 0.000000800000126144340129, 0.022802473000000000186160
6, 3.141592653589793115997963, 0.000000800000126588429339, 0.037320325000000001414158
6, 3.141592653589793115997963, 0.000000800000126588429339, 0.041145563000000003051060
6, 3.141592653589793115997963, 0.000000800000126588429339, 0.037813373999999996821764
6, 3.141592653589793115997963, 0.000000800000126588429339, 0.031058203999999998978776
6, 3.141592653589793115997963, 0.000000800000126588429339, 0.043012478999999999296211
6, 3.141592653589793115997963, 0.000000800000126588429339, 0.041474536999999998820865
6, 3.141592653589793115997963, 0.000000800000126588429339, 0.024368946999999998442865
6, 3.141592653589793115997963, 0.000000800000126588429339, 0.014602280000000000467764
7, 3.141592653589793115997963, 0.000000600000098494035683, 0.012937565999999999302728
7, 3.141592653589793115997963, 0.000000600000098494035683, 0.021593225000000000612932
7, 3.141592653589793115997963, 0.000000600000098494035683, 0.038197756999999998850370
7, 3.141592653589793115997963, 0.000000600000098494035683, 0.031124338000000001391854
7, 3.141592653589793115997963, 0.000000600000098494035683, 0.035793617999999999268468
7, 3.141592653589793115997963, 0.000000600000098494035683, 0.021850771000000001470509
7, 3.141592653589793115997963, 0.000000600000098494035683, 0.026408187999999999107104
7, 3.141592653589793115997963, 0.000000600000098494035683, 0.047703477000000001073676
7, 3.141592653589793115997963, 0.000000600000098494035683, 0.050448350000000002912870
7, 3.141592653589793115997963, 0.000000600000098494035683, 0.043191580000000000250093
7, 3.141592653589793115997963, 0.000000600000098494035683, 0.046575422999999997741849
7, 3.141592653589793115997963, 0.000000600000098494035683, 0.020032221999999998834907
7, 3.141592653589793115997963, 0.000000600000098494035683, 0.039797963999999998174761
7, 3.141592653589793115997963, 0.000000600000098494035683, 0.048376756999999999397932
7, 3.141592653589793115997963, 0.000000600000098494035683, 0.027602661000000000557364
7, 3.141592653589793115997963, 0.000000600000098494035683, 0.027450833000000000871932
7, 3.141592653589793115997963, 0.000000600000098494035683, 0.031581313999999999220236
7, 3.141592653589793115997963, 0.000000600000098494035683, 0.013952584999999999987308
7, 3.141592653589793115997963, 0.000000600000098494035683, 0.032024429999999999563176
7, 3.141592653589793115997963, 0.000000600000098494035683, 0.024491422999999998277865
7, 3.141592653589793115997963, 0.000000600000098494035683, 0.027453926999999999497559
8, 3.141592653589793115997963, 0.000000000000010214051827, 0.026949751000000000955570
8, 3.141592653589793115997963, 0.000000000000010214051827, 0.031958104000000001065906
8, 3.141592653589793115997963, 0.000000000000010658141036, 0.026365996999999998656738
8, 3.141592653589793115997963, 0.000000000000010214051827, 0.034858455000000003465299
8, 3.141592653589793115997963, 0.000000000000010214051827, 0.032030230999999999286221
8, 3.141592653589793115997963, 0.000000000000010214051827, 0.031299543999999998589168
8, 3.141592653589793115997963, 0.000000000000010214051827, 0.033958408000000002424645
8, 3.141592653589793115997963, 0.000000000000010214051827, 0.025045359999999999150999
8, 3.141592653589793115997963, 0.000000000000010214051827, 0.023820409000000000721009
8, 3.141592653589793115997963, 0.000000000000010214051827, 0.022872894000000001252237
8, 3.141592653589793115997963, 0.000000000000010214051827, 0.022883330000000000337135
8, 3.141592653589793115997963, 0.000000000000010214051827, 0.043852584000000000008512
8, 3.141592653589793115997963, 0.000000000000010214051827, 0.042310118000000000726413
8, 3.141592653589793115997963, 0.000000000000010214051827, 0.011773155000000000425242
8, 3.141592653589793115997963, 0.000000000000010214051827, 0.023183480999999998839467
8, 3.141592653589793115997963, 0.000000000000010658141036, 0.022892830999999998903283
8, 3.141592653589793115997963, 0.000000000000010658141036, 0.025474307000000001588447
8, 3.141592653589793115997963, 0.000000000000010214051827, 0.033416807999999999234664
8, 3.141592653589793115997963, 0.000000000000010658141036, 0.011609853999999999313308
8, 3.141592653589793115997963, 0.000000000000010214051827, 0.025996156999999998904460
8, 3.141592653589793115997963, 0.000000000000010214051827, 0.044685149999999999870237
9, 3.141592653589793115997963, 0.000000200000039640713112, 0.022301879000000000147219
9, 3.141592653589793115997963, 0.000000200000039640713112, 0.010994303000000000408720
9, 3.141592653589793115997963, 0.000000200000039640713112, 0.024676975999999999772383
9, 3.141592653589793115997963, 0.000000200000039640713112, 0.045092543999999998294292
9, 3.141592653589793115997963, 0.000000200000039640713112, 0.022954934999999999228892
9, 3.141592653589793115997963, 0.000000200000039640713112, 0.020734426999999999718938
9, 3.141592653589793115997963, 0.000000200000039640713112, 0.041835061999999999249322
9, 3.141592653589793115997963, 0.000000200000039640713112, 0.022062932999999999850171
9, 3.141592653589793115997963, 0.000000200000039640713112, 0.037942968000000000527994
9, 3.141592653589793115997963, 0.000000200000039640713112, 0.023666395999999999266716
9, 3.141592653589793115997963, 0.000000200000039640713112, 0.030592536999999999508537
9, 3.141592653589793115997963, 0.000000200000039640713112, 0.029206269999999999453788
9, 3.141592653589793115997963, 0.000000200000039640713112, 0.030069350000000001632561
9, 3.141592653589793115997963, 0.000000200000039640713112, 0.036217619999999998980922
9, 3.141592653589793115997963, 0.000000200000039640713112, 0.021036043000000000796623
9, 3.141592653589793115997963, 0.000000200000039640713112, 0.021139800999999999731038
9, 3.141592653589793115997963, 0.000000200000039640713112, 0.010599453999999999473380
9, 3.141592653589793115997963, 0.000000200000039640713112, 0.031302282000000000716788
9, 3.141592653589793115997963, 0.000000200000039640713112, 0.010986918999999999504991
9, 3.141592653589793115997963, 0.000000200000039640713112, 0.036695704000000002598103
9, 3.141592653589793115997963, 0.000000200000039640713112, 0.039024199000000002468536
10, 3.141592653589793115997963, -0.000000000000023092638912, 0.019174560000000000214992
10, 3.141592653589793115997963, -0.000000000000023536728122, 0.017886604000000000391779
10, 3.141592653589793115997963, -0.000000000000023536728122, 0.017901853999999998295900
10, 3.141592653589793115997963, -0.000000000000023536728122, 0.009413256000000000053851
10, 3.141592653589793115997963, -0.000000000000023536728122, 0.023359173000000000436360
10, 3.141592653589793115997963, -0.000000000000023536728122, 0.009613188999999999415080
10, 3.141592653589793115997963, -0.000000000000023536728122, 0.023972911999999998999833
10, 3.141592653589793115997963, -0.000000000000023536728122, 0.024361957999999999530116
10, 3.141592653589793115997963, -0.000000000000023536728122, 0.035934182000000002010776
10, 3.141592653589793115997963, -0.000000000000023092638912, 0.022616290000000000698366
10, 3.141592653589793115997963, -0.000000000000023536728122, 0.021568853999999998416470
10, 3.141592653589793115997963, -0.000000000000023980817332, 0.027450461999999998391475
10, 3.141592653589793115997963, -0.000000000000023536728122, 0.022880884000000000638719
10, 3.141592653589793115997963, -0.000000000000023536728122, 0.023264927000000001217073
10, 3.141592653589793115997963, -0.000000000000023092638912, 0.030408869000000001564521
10, 3.141592653589793115997963, -0.000000000000023092638912, 0.042262504999999998822613
10, 3.141592653589793115997963, -0.000000000000023536728122, 0.033578247999999998041343
10, 3.141592653589793115997963, -0.000000000000023092638912, 0.019333315000000000222213
10, 3.141592653589793115997963, -0.000000000000023980817332, 0.028678256999999998666517
10, 3.141592653589793115997963, -0.000000000000023980817332, 0.009862426000000000525514
10, 3.141592653589793115997963, -0.000000000000023536728122, 0.027403960000000001512310
11, 3.141592653589793115997963, 0.000002000000969726301037, 0.023905664999999999553726
11, 3.141592653589793115997963, 0.000002000000969726301037, 0.030307954000000001532067
11, 3.141592653589793115997963, 0.000002000000969726301037, 0.024938616000000000255676
11, 3.141592653589793115997963, 0.000002000000969726301037, 0.022332660000000000705134
11, 3.141592653589793115997963, 0.000002000000969726301037, 0.023304702000000000056135
11, 3.141592653589793115997963, 0.000002000000970170390246, 0.028948005999999998349992
11, 3.141592653589793115997963, 0.000002000000969726301037, 0.031274975000000003466649
11, 3.141592653589793115997963, 0.000002000000969726301037, 0.019641722000000000347697
11, 3.141592653589793115997963, 0.000002000000970170390246, 0.030109859999999998708686
11, 3.141592653589793115997963, 0.000002000000969282211827, 0.008899396999999999863240
11, 3.141592653589793115997963, 0.000002000000970170390246, 0.015785430999999999074346
11, 3.141592653589793115997963, 0.000002000000969726301037, 0.028169451000000001600343
11, 3.141592653589793115997963, 0.000002000000969726301037, 0.024496183000000001234175
11, 3.141592653589793115997963, 0.000002000000969726301037, 0.020049337999999999881950
11, 3.141592653589793115997963, 0.000002000000970170390246, 0.023315750999999999143464
11, 3.141592653589793115997963, 0.000002000000970170390246, 0.008606861999999999846001
11, 3.141592653589793115997963, 0.000002000000970170390246, 0.029414664999999999561719
11, 3.141592653589793115997963, 0.000002000000969726301037, 0.030610486999999998725119
11, 3.141592653589793115997963, 0.000002000000969726301037, 0.031106108000000000368690
11, 3.141592653589793115997963, 0.000002000000969726301037, 0.050058841999999999228255
11, 3.141592653589793115997963, 0.000002000000969726301037, 0.023309305999999998387784
12, 3.141592653589793115997963, 0.000000800000124367983290, 0.008303952999999999334824
12, 3.141592653589793115997963, 0.000000800000124367983290, 0.022524999000000000409782
12, 3.141592653589793115997963, 0.000000800000124367983290, 0.008094887999999999736445
12, 3.141592653589793115997963, 0.000000800000124812072499, 0.037859822000000001307463
12, 3.141592653589793115997963, 0.000000800000124812072499, 0.075800161000000004785093
12, 3.141592653589793115997963, 0.000000800000124367983290, 0.017676312999999999053813
12, 3.141592653589793115997963, 0.000000800000124367983290, 0.007784817000000000299098
12, 3.141592653589793115997963, 0.000000800000124367983290, 0.027941687999999999247880
12, 3.141592653589793115997963, 0.000000800000124367983290, 0.026034690999999998695102
12, 3.141592653589793115997963, 0.000000800000124367983290, 0.027284009000000001426978
12, 3.141592653589793115997963, 0.000000800000124367983290, 0.021598510000000001318732
12, 3.141592653589793115997963, 0.000000800000124367983290, 0.022029572000000000736586
12, 3.141592653589793115997963, 0.000000800000124367983290, 0.021496438999999999130974
12, 3.141592653589793115997963, 0.000000800000124367983290, 0.008427538000000000042999
12, 3.141592653589793115997963, 0.000000800000124367983290, 0.023539491999999998667059
12, 3.141592653589793115997963, 0.000000800000124812072499, 0.078493569999999998620943
12, 3.141592653589793115997963, 0.000000800000124367983290, 0.026416487999999998387279
12, 3.141592653589793115997963, 0.000000800000123923894080, 0.025416601999999999944579
12, 3.141592653589793115997963, 0.000000800000124367983290, 0.010114239000000000562318
12, 3.141592653589793115997963, 0.000000800000124367983290, 0.022808510000000000589315
12, 3.141592653589793115997963, 0.000000800000124812072499, 0.023108743000000001033278
13, 3.141592653589793115997963, 0.000002000001016799757281, 0.020510580000000000477911
13, 3.141592653589793115997963, 0.000002000001016799757281, 0.021520443999999999684647
13, 3.141592653589793115997963, 0.000002000001016799757281, 0.021455872000000000832109
13, 3.141592653589793115997963, 0.000002000001017243846491, 0.076642281000000006541129
13, 3.141592653589793115997963, 0.000002000001017243846491, 0.021652359999999998968478
13, 3.141592653589793115997963, 0.000002000001017243846491, 0.020512101000000001332912
13, 3.141592653589793115997963, 0.000002000001016799757281, 0.007569995999999999843066
13, 3.141592653589793115997963, 0.000002000001016799757281, 0.024706460999999999006427
13, 3.141592653589793115997963, 0.000002000001016799757281, 0.031284292999999997741956
13, 3.141592653589793115997963, 0.000002000001016799757281, 0.029366124000000000393573
13, 3.141592653589793115997963, 0.000002000001016799757281, 0.027557069000000000008610
13, 3.141592653589793115997963, 0.000002000001016799757281, 0.019950057999999999680529
13, 3.141592653589793115997963, 0.000002000001016799757281, 0.016605687000000000919098
13, 3.141592653589793115997963, 0.000002000001016799757281, 0.037693554999999996646398
13, 3.141592653589793115997963, 0.000002000001017243846491, 0.020748524000000000827582
13, 3.141592653589793115997963, 0.000002000001016799757281, 0.007707320000000000143059
13, 3.141592653589793115997963, 0.000002000001016799757281, 0.019882396000000000096941
13, 3.141592653589793115997963, 0.000002000001016799757281, 0.007491280000000000334481
13, 3.141592653589793115997963, 0.000002000001016799757281, 0.020540386000000000754628
13, 3.141592653589793115997963, 0.000002000001017243846491, 0.021553659999999998791997
13, 3.141592653589793115997963, 0.000002000001016799757281, 0.031863396000000002161734
14, 3.141592653589793115997963, 0.000002000000981272620493, 0.024293862999999998875111
14, 3.141592653589793115997963, 0.000002000000981272620493, 0.016160950999999999788681
14, 3.141592653589793115997963, 0.000002000000981272620493, 0.026798704999999999054605
14, 3.141592653589793115997963, 0.000002000000981716709703, 0.023061596000000000178387
14, 3.141592653589793115997963, 0.000002000000981272620493, 0.029597526999999998476021
14, 3.141592653589793115997963, 0.000002000000981272620493, 0.023054530000000000161675
14, 3.141592653589793115997963, 0.000002000000981272620493, 0.026502738000000001378220
14, 3.141592653589793115997963, 0.000002000000980828531283, 0.020416019000000000527262
14, 3.141592653589793115997963, 0.000002000000981272620493, 0.022624203999999998454529
14, 3.141592653589793115997963, 0.000002000000981272620493, 0.007048696000000000128072
14, 3.141592653589793115997963, 0.000002000000981716709703, 0.040564826999999997747537
14, 3.141592653589793115997963, 0.000002000000981272620493, 0.019669547999999998505460
14, 3.141592653589793115997963, 0.000002000000981272620493, 0.057036137000000000640831
14, 3.141592653589793115997963, 0.000002000000982160798912, 0.082534681999999998103235
14, 3.141592653589793115997963, 0.000002000000981272620493, 0.021581205999999998612626
14, 3.141592653589793115997963, 0.000002000000981716709703, 0.007208782999999999857588
14, 3.141592653589793115997963, 0.000002000000980828531283, 0.022014393999999999629313
14, 3.141592653589793115997963, 0.000002000000980828531283, 0.025518610000000000598286
14, 3.141592653589793115997963, 0.000002000000981272620493, 0.032369200000000000749800
14, 3.141592653589793115997963, 0.000002000000981272620493, 0.026201174000000000685606
14, 3.141592653589793115997963, 0.000002000000981272620493, 0.020384400000000000435785
15, 3.141592653589793115997963, 0.000002000000991042583109, 0.014834781999999999482776
15, 3.141592653589793115997963, 0.000002000000991042583109, 0.018311113999999999862878
15, 3.141592653589793115997963, 0.000002000000991042583109, 0.035263387000000000204292
15, 3.141592653589793115997963, 0.000002000000990598493900, 0.019676873000000000973886
15, 3.141592653589793115997963, 0.000002000000991042583109, 0.027531698000000000281506
15, 3.141592653589793115997963, 0.000002000000990598493900, 0.025993459999999999482378
15, 3.141592653589793115997963, 0.000002000000990598493900, 0.006566691999999999841686
15, 3.141592653589793115997963, 0.000002000000991042583109, 0.047969612000000001750255
15, 3.141592653589793115997963, 0.000002000000991042583109, 0.006292624000000000134003
15, 3.141592653589793115997963, 0.000002000000991042583109, 0.025275413999999999520307
15, 3.141592653589793115997963, 0.000002000000991042583109, 0.025288081000000000447825
15, 3.141592653589793115997963, 0.000002000000991042583109, 0.024959848999999999230592
15, 3.141592653589793115997963, 0.000002000000990598493900, 0.028116846000000000893593
15, 3.141592653589793115997963, 0.000002000000991042583109, 0.025707810000000001077192
15, 3.141592653589793115997963, 0.000002000000991042583109, 0.022337386000000000740862
15, 3.141592653589793115997963, 0.000002000000991042583109, 0.020406550999999998469159
15, 3.141592653589793115997963, 0.000002000000991042583109, 0.006345459000000000342190
15, 3.141592653589793115997963, 0.000002000000991042583109, 0.026569108000000001001961
15, 3.141592653589793115997963, 0.000002000000991042583109, 0.057164656000000001190298
15, 3.141592653589793115997963, 0.000002000000991042583109, 0.029814083000000001638652
15, 3.141592653589793115997963, 0.000002000000991042583109, 0.006862115999999999702008
16, 3.141592653589793115997963, -0.000000000000008437694987, 0.031888593999999999273331
16, 3.141592653589793115997963, -0.000000000000008437694987, 0.024163479000000001595261
16, 3.141592653589793115997963, -0.000000000000008437694987, 0.031726417999999999286498
16, 3.141592653589793115997963, -0.000000000000008437694987, 0.022540067000000000435600
16, 3.141592653589793115997963, -0.000000000000008437694987, 0.064660810999999998593957
16, 3.141592653589793115997963, -0.000000000000007993605777, 0.060134706000000003045525
16, 3.141592653589793115997963, -0.000000000000008437694987, 0.023450166000000001453873
16, 3.141592653589793115997963, -0.000000000000008437694987, 0.021515752999999998573699
16, 3.141592653589793115997963, -0.000000000000008437694987, 0.023879551999999998335156
16, 3.141592653589793115997963, -0.000000000000008437694987, 0.016676711999999999785915
16, 3.141592653589793115997963, -0.000000000000007993605777, 0.034226674999999998072475
16, 3.141592653589793115997963, -0.000000000000007993605777, 0.028835782000000000774298
16, 3.141592653589793115997963, -0.000000000000007993605777, 0.025926801999999998793456
16, 3.141592653589793115997963, -0.000000000000008437694987, 0.006092600000000000098899
16, 3.141592653589793115997963, -0.000000000000008437694987, 0.024797712999999999006207
16, 3.141592653589793115997963, -0.000000000000008437694987, 0.025257957000000001018813
16, 3.141592653589793115997963, -0.000000000000008437694987, 0.026285893000000001146210
16, 3.141592653589793115997963, -0.000000000000008437694987, 0.028008578999999998726533
16, 3.141592653589793115997963, -0.000000000000008437694987, 0.017441207000000000237883
16, 3.141592653589793115997963, -0.000000000000007993605777, 0.028161433999999999078234
16, 3.141592653589793115997963, -0.000000000000008437694987, 0.026891774999999999706812
17, 3.141592653589793115997963, 0.000001000000246609289434, 0.038072045999999998278085
17, 3.141592653589793115997963, 0.000001000000246609289434, 0.020377652999999999045011
17, 3.141592653589793115997963, 0.000001000000247053378644, 0.018079502000000000766500
17, 3.141592653589793115997963, 0.000001000000247053378644, 0.019469138000000000415790
17, 3.141592653589793115997963, 0.000001000000247497467853, 0.021737299000000001591992
17, 3.141592653589793115997963, 0.000001000000247053378644, 0.022660439000000000969726
17, 3.141592653589793115997963, 0.000001000000247053378644, 0.021215384000000000325192
17, 3.141592653589793115997963, 0.000001000000247497467853, 0.033837028999999997636028
17, 3.141592653589793115997963, 0.000001000000247053378644, 0.026567200999999998622947
17, 3.141592653589793115997963, 0.000001000000246609289434, 0.015796636999999998790534
17, 3.141592653589793115997963, 0.000001000000247497467853, 0.027048030000000000683258
17, 3.141592653589793115997963, 0.000001000000246609289434, 0.017637603000000001696179
17, 3.141592653589793115997963, 0.000001000000247497467853, 0.030888432000000000388074
17, 3.141592653589793115997963, 0.000001000000247497467853, 0.018278565999999999563963
17, 3.141592653589793115997963, 0.000001000000247497467853, 0.017075163000000000840251
17, 3.141592653589793115997963, 0.000001000000247497467853, 0.005779580999999999781080
17, 3.141592653589793115997963, 0.000001000000247497467853, 0.014533209000000000057917
17, 3.141592653589793115997963, 0.000001000000247497467853, 0.018369303999999999493786
17, 3.141592653589793115997963, 0.000001000000247053378644, 0.026090052999999998467606
17, 3.141592653589793115997963, 0.000001000000246609289434, 0.025215562000000000392186
17, 3.141592653589793115997963, 0.000001000000247497467853, 0.027872588999999999698209
18, 3.141592653589793115997963, 0.000002000000988822137060, 0.031000301000000000939405
18, 3.141592653589793115997963, 0.000002000000988822137060, 0.022484323000000000503107
18, 3.141592653589793115997963, 0.000002000000988822137060, 0.025793797999999999726040
18, 3.141592653589793115997963, 0.000002000000988822137060, 0.026755417999999999562055
18, 3.141592653589793115997963, 0.000002000000988822137060, 0.028803358000000001126750
18, 3.141592653589793115997963, 0.000002000000988822137060, 0.031709630000000002536531
18, 3.141592653589793115997963, 0.000002000000988822137060, 0.038487351000000002976265
18, 3.141592653589793115997963, 0.000002000000988822137060, 0.022936812000000000866251
18, 3.141592653589793115997963, 0.000002000000988822137060, 0.016700105999999999284444
18, 3.141592653589793115997963, 0.000002000000988822137060, 0.018275977999999998280245
18, 3.141592653589793115997963, 0.000002000000988378047850, 0.016033579999999998666471
18, 3.141592653589793115997963, 0.000002000000988822137060, 0.038664724999999997012701
18, 3.141592653589793115997963, 0.000002000000988822137060, 0.022063201000000001034129
18, 3.141592653589793115997963, 0.000002000000988822137060, 0.021659905000000000130367
18, 3.141592653589793115997963, 0.000002000000988378047850, 0.020418304000000001702242
18, 3.141592653589793115997963, 0.000002000000988822137060, 0.017469160000000000937392
18, 3.141592653589793115997963, 0.000002000000988822137060, 0.021026295000000000401386
18, 3.141592653589793115997963, 0.000002000000988822137060, 0.019802709000000001671182
18, 3.141592653589793115997963, 0.000002000000988378047850, 0.005517563999999999975465
18, 3.141592653589793115997963, 0.000002000000988822137060, 0.019786358999999999891406
18, 3.141592653589793115997963, 0.000002000000988822137060, 0.017830043999999999754236
19, 3.141592653589793115997963, 0.000003000002241737576014, 0.018759466999999998421123
19, 3.141592653589793115997963, 0.000003000002241737576014, 0.014662750999999999909629
19, 3.141592653589793115997963, 0.000003000002241737576014, 0.021071282000000000206308
19, 3.141592653589793115997963, 0.000003000002242181665224, 0.026327821000000001250285
19, 3.141592653589793115997963, 0.000003000002242181665224, 0.022532928000000000678948
19, 3.141592653589793115997963, 0.000003000002241737576014, 0.019454556000000001320105
19, 3.141592653589793115997963, 0.000003000002242625754434, 0.021405994000000001104000
19, 3.141592653589793115997963, 0.000003000002242625754434, 0.021968175999999998981860
19, 3.141592653589793115997963, 0.000003000002241737576014, 0.030018643000000001103134
19, 3.141592653589793115997963, 0.000003000002241737576014, 0.019094322000000000377762
19, 3.141592653589793115997963, 0.000003000002241737576014, 0.024966221999999999719977
19, 3.141592653589793115997963, 0.000003000002241737576014, 0.032263482000000003047102
19, 3.141592653589793115997963, 0.000003000002241737576014, 0.018614566999999998531123
19, 3.141592653589793115997963, 0.000003000002241737576014, 0.029213961999999999569200
19, 3.141592653589793115997963, 0.000003000002242181665224, 0.013237218000000000248106
19, 3.141592653589793115997963, 0.000003000002241737576014, 0.015170457999999999512686
19, 3.141592653589793115997963, 0.000003000002242181665224, 0.018794343000000001547845
19, 3.141592653589793115997963, 0.000003000002241737576014, 0.020385451999999998351498
19, 3.141592653589793115997963, 0.000003000002242181665224, 0.024091354999999998326432
19, 3.141592653589793115997963, 0.000003000002241737576014, 0.024101055999999999174266
19, 3.141592653589793115997963, 0.000003000002241293486804, 0.016571046999999998472486
20, 3.141592653589793115997963, 0.000000000000003552713679, 0.026178938999999998293866
20, 3.141592653589793115997963, 0.000000000000003552713679, 0.019298268999999999839812
20, 3.141592653589793115997963, 0.000000000000003108624469, 0.016095343000000001537630
20, 3.141592653589793115997963, 0.000000000000003108624469, 0.021681413999999999547841
20, 3.141592653589793115997963, 0.000000000000003108624469, 0.015932070999999999039165
20, 3.141592653589793115997963, 0.000000000000003108624469, 0.085269073000000000783771
20, 3.141592653589793115997963, 0.000000000000004440892099, 0.046892160000000002173515
20, 3.141592653589793115997963, 0.000000000000003108624469, 0.022624128999999999767301
20, 3.141592653589793115997963, 0.000000000000003996802889, 0.053514493000000003253280
20, 3.141592653589793115997963, 0.000000000000003996802889, 0.013812605999999999842331
20, 3.141592653589793115997963, 0.000000000000003552713679, 0.005086868999999999939321
20, 3.141592653589793115997963, 0.000000000000003108624469, 0.021055681999999999176598
20, 3.141592653589793115997963, 0.000000000000003552713679, 0.018637785000000000462661
20, 3.141592653589793115997963, 0.000000000000003996802889, 0.017569276000000001725088
20, 3.141592653589793115997963, 0.000000000000003996802889, 0.041300383000000003008712
20, 3.141592653589793115997963, 0.000000000000003108624469, 0.021103521999999999558817
20, 3.141592653589793115997963, 0.000000000000003996802889, 0.016473873999999999462318
20, 3.141592653589793115997963, 0.000000000000003552713679, 0.046612555999999999434280
20, 3.141592653589793115997963, 0.000000000000003996802889, 0.050830171999999999854492
20, 3.141592653589793115997963, 0.000000000000003996802889, 0.025231801000000001616863
20, 3.141592653589793115997963, 0.000000000000003108624469, 0.023933142000000000998439
